

================================================================
== Vivado HLS Report for 'sha256_update'
================================================================
* Date:           Wed May  5 07:22:38 2021

* Version:        2019.2 (Build 2704478 on Wed Nov 06 22:10:23 MST 2019)
* Project:        sha256
* Solution:       solution1
* Product family: zynq
* Target device:  xc7z020-clg400-1


================================================================
== Performance Estimates
================================================================
+ Timing: 
    * Summary: 
    +--------+---------+----------+------------+
    |  Clock |  Target | Estimated| Uncertainty|
    +--------+---------+----------+------------+
    |ap_clk  | 5.00 ns | 4.371 ns |   0.62 ns  |
    +--------+---------+----------+------------+

+ Latency: 
    * Summary: 
    +---------+---------+----------+----------+-----+-----+---------+
    |  Latency (cycles) |  Latency (absolute) |  Interval | Pipeline|
    |   min   |   max   |    min   |    max   | min | max |   Type  |
    +---------+---------+----------+----------+-----+-----+---------+
    |      134|      134| 0.670 us | 0.670 us |  134|  134|   none  |
    +---------+---------+----------+----------+-----+-----+---------+

    + Detail: 
        * Instance: 
        N/A

        * Loop: 
        +--------------+---------+---------+----------+-----------+-----------+------+----------+
        |              |  Latency (cycles) | Iteration|  Initiation Interval  | Trip |          |
        |   Loop Name  |   min   |   max   |  Latency |  achieved |   target  | Count| Pipelined|
        +--------------+---------+---------+----------+-----------+-----------+------+----------+
        |- ITERATE_64  |      130|      130|         5|          2|          1|    64|    yes   |
        +--------------+---------+---------+----------+-----------+-----------+------+----------+



================================================================
== Utilization Estimates
================================================================
* Summary: 
+-----------------+---------+-------+--------+-------+-----+
|       Name      | BRAM_18K| DSP48E|   FF   |  LUT  | URAM|
+-----------------+---------+-------+--------+-------+-----+
|DSP              |        -|      -|       -|      -|    -|
|Expression       |        -|      -|       0|   3749|    -|
|FIFO             |        -|      -|       -|      -|    -|
|Instance         |        -|      -|       0|    390|    -|
|Memory           |        1|      -|       0|      0|    -|
|Multiplexer      |        -|      -|       -|   1115|    -|
|Register         |        -|      -|    2634|      -|    -|
+-----------------+---------+-------+--------+-------+-----+
|Total            |        1|      0|    2634|   5254|    0|
+-----------------+---------+-------+--------+-------+-----+
|Available        |      280|    220|  106400|  53200|    0|
+-----------------+---------+-------+--------+-------+-----+
|Utilization (%)  |    ~0   |      0|       2|      9|    0|
+-----------------+---------+-------+--------+-------+-----+

+ Detail: 
    * Instance: 
    +--------------------------+----------------------+---------+-------+---+----+-----+
    |         Instance         |        Module        | BRAM_18K| DSP48E| FF| LUT| URAM|
    +--------------------------+----------------------+---------+-------+---+----+-----+
    |sha256_mux_164_32bkb_U6   |sha256_mux_164_32bkb  |        0|      0|  0|  65|    0|
    |sha256_mux_164_32bkb_U7   |sha256_mux_164_32bkb  |        0|      0|  0|  65|    0|
    |sha256_mux_164_32bkb_U8   |sha256_mux_164_32bkb  |        0|      0|  0|  65|    0|
    |sha256_mux_164_32bkb_U9   |sha256_mux_164_32bkb  |        0|      0|  0|  65|    0|
    |sha256_mux_164_32bkb_U10  |sha256_mux_164_32bkb  |        0|      0|  0|  65|    0|
    |sha256_mux_164_32bkb_U11  |sha256_mux_164_32bkb  |        0|      0|  0|  65|    0|
    +--------------------------+----------------------+---------+-------+---+----+-----+
    |Total                     |                      |        0|      0|  0| 390|    0|
    +--------------------------+----------------------+---------+-------+---+----+-----+

    * DSP48E: 
    N/A

    * Memory: 
    +-------+-------------------+---------+---+----+-----+------+-----+------+-------------+
    | Memory|       Module      | BRAM_18K| FF| LUT| URAM| Words| Bits| Banks| W*Bits*Banks|
    +-------+-------------------+---------+---+----+-----+------+-----+------+-------------+
    |k_V_U  |sha256_update_k_V  |        1|  0|   0|    0|    64|   32|     1|         2048|
    +-------+-------------------+---------+---+----+-----+------+-----+------+-------------+
    |Total  |                   |        1|  0|   0|    0|    64|   32|     1|         2048|
    +-------+-------------------+---------+---+----+-----+------+-----+------+-------------+

    * FIFO: 
    N/A

    * Expression: 
    +-----------------------------+----------+-------+---+----+------------+------------+
    |        Variable Name        | Operation| DSP48E| FF| LUT| Bitwidth P0| Bitwidth P1|
    +-----------------------------+----------+-------+---+----+------------+------------+
    |a_V_fu_4917_p2               |     +    |      0|  0|  32|          32|          32|
    |add_ln209_10_fu_4320_p2      |     +    |      0|  0|  39|          32|          32|
    |add_ln209_1_fu_3641_p2       |     +    |      0|  0|  39|          31|          32|
    |add_ln209_4_fu_4447_p2       |     +    |      0|  0|  39|          32|          32|
    |add_ln209_5_fu_4876_p2       |     +    |      0|  0|  32|          32|          32|
    |add_ln209_6_fu_4555_p2       |     +    |      0|  0|  39|          32|          32|
    |add_ln209_9_fu_4574_p2       |     +    |      0|  0|  32|          32|          32|
    |add_ln209_fu_3887_p2         |     +    |      0|  0|  32|          32|          32|
    |add_ln214_1_fu_3918_p2       |     +    |      0|  0|  13|           1|           4|
    |add_ln700_1_fu_5025_p2       |     +    |      0|  0|  39|          32|          32|
    |add_ln700_2_fu_5030_p2       |     +    |      0|  0|  39|          32|          32|
    |add_ln700_3_fu_5035_p2       |     +    |      0|  0|  39|          32|          32|
    |add_ln700_4_fu_5040_p2       |     +    |      0|  0|  39|          32|          32|
    |add_ln700_5_fu_5045_p2       |     +    |      0|  0|  39|          32|          32|
    |add_ln700_6_fu_5050_p2       |     +    |      0|  0|  39|          32|          32|
    |add_ln700_7_fu_5055_p2       |     +    |      0|  0|  39|          32|          32|
    |add_ln700_fu_5020_p2         |     +    |      0|  0|  39|          32|          32|
    |ret_V_fu_3908_p2             |     +    |      0|  0|  15|           7|           1|
    |tmp90_fu_4913_p2             |     +    |      0|  0|  32|          32|          32|
    |tmp91_fu_4568_p2             |     +    |      0|  0|  39|          32|          32|
    |tmp_4_fu_4032_p17            |     +    |      0|  0|  13|           4|           3|
    |tmp_5_fu_4282_p17            |     +    |      0|  0|  13|           4|           4|
    |tmp_a_0_V_fu_3898_p2         |     +    |      0|  0|  39|          32|          32|
    |tmp_a_1_V_3_fu_4886_p2       |     +    |      0|  0|  39|          32|          32|
    |tmp_e_0_V_fu_3893_p2         |     +    |      0|  0|  32|          32|          32|
    |tmp_e_1_V_3_fu_4881_p2       |     +    |      0|  0|  32|          32|          32|
    |tmp_e_V_fu_4922_p2           |     +    |      0|  0|  39|          32|          32|
    |tmp_wi_back_1_V_fu_4198_p17  |     +    |      0|  0|  13|           2|           4|
    |w_0_V_3_fu_4578_p2           |     +    |      0|  0|  32|          32|          32|
    |and_ln104_fu_4336_p2         |    and   |      0|  0|   2|           1|           1|
    |ret_V_44_fu_4423_p2          |    and   |      0|  0|  32|          32|          32|
    |ret_V_45_fu_4435_p2          |    and   |      0|  0|  32|          32|          32|
    |ret_V_49_fu_4537_p2          |    and   |      0|  0|  32|          32|          32|
    |ret_V_50_fu_4543_p2          |    and   |      0|  0|  32|          32|          32|
    |icmp_ln104_fu_4324_p2        |   icmp   |      0|  0|  11|           7|           1|
    |icmp_ln887_1_fu_3924_p2      |   icmp   |      0|  0|  11|           7|           6|
    |icmp_ln887_2_fu_4330_p2      |   icmp   |      0|  0|  11|           7|           6|
    |icmp_ln887_fu_3902_p2        |   icmp   |      0|  0|  11|           7|           8|
    |a_V_v_fu_4560_p3             |  select  |      0|  0|  32|           1|          32|
    |p_02473_0_i_pn_fu_4905_p3    |  select  |      0|  0|  32|           1|          32|
    |tmp_a_0_V_2_fu_4890_p3       |  select  |      0|  0|  32|           1|          32|
    |tmp_a_1_V_fu_4898_p3         |  select  |      0|  0|  32|           1|          32|
    |tmp_e_0_V_2_fu_5002_p3       |  select  |      0|  0|  32|           1|          32|
    |tmp_e_1_V_fu_5009_p3         |  select  |      0|  0|  32|           1|          32|
    |ap_enable_pp0                |    xor   |      0|  0|   2|           1|           2|
    |r_V_19_fu_4429_p2            |    xor   |      0|  0|  32|          32|           2|
    |ret_V_16_fu_4525_p2          |    xor   |      0|  0|  32|          32|          32|
    |ret_V_19_fu_4549_p2          |    xor   |      0|  0|  32|          32|          32|
    |ret_V_4_fu_4417_p2           |    xor   |      0|  0|  32|          32|          32|
    |ret_V_7_fu_4441_p2           |    xor   |      0|  0|  32|          32|          32|
    |use_0_fu_4927_p2             |    xor   |      0|  0|   2|           1|           2|
    |wsig0_0_V_3_fu_4642_p2       |    xor   |      0|  0|  32|          32|          32|
    |wsig0_0_V_fu_973_p2          |    xor   |      0|  0|  32|          32|          32|
    |wsig0_10_V_fu_2713_p2        |    xor   |      0|  0|  32|          32|          32|
    |wsig0_11_V_fu_2887_p2        |    xor   |      0|  0|  32|          32|          32|
    |wsig0_12_V_fu_3061_p2        |    xor   |      0|  0|  32|          32|          32|
    |wsig0_13_V_fu_3235_p2        |    xor   |      0|  0|  32|          32|          32|
    |wsig0_14_V_fu_3409_p2        |    xor   |      0|  0|  32|          32|          32|
    |wsig0_15_V_fu_3565_p2        |    xor   |      0|  0|  32|          32|          32|
    |wsig0_1_V_fu_1147_p2         |    xor   |      0|  0|  32|          32|          32|
    |wsig0_2_V_fu_1321_p2         |    xor   |      0|  0|  32|          32|          32|
    |wsig0_3_V_fu_1495_p2         |    xor   |      0|  0|  32|          32|          32|
    |wsig0_4_V_fu_1669_p2         |    xor   |      0|  0|  32|          32|          32|
    |wsig0_5_V_fu_1843_p2         |    xor   |      0|  0|  32|          32|          32|
    |wsig0_6_V_fu_2017_p2         |    xor   |      0|  0|  32|          32|          32|
    |wsig0_7_V_fu_2191_p2         |    xor   |      0|  0|  32|          32|          32|
    |wsig0_8_V_fu_2365_p2         |    xor   |      0|  0|  32|          32|          32|
    |wsig0_9_V_fu_2539_p2         |    xor   |      0|  0|  32|          32|          32|
    |wsig1_0_V_3_fu_4707_p2       |    xor   |      0|  0|  32|          32|          32|
    |wsig1_0_V_fu_1055_p2         |    xor   |      0|  0|  32|          32|          32|
    |wsig1_10_V_fu_2795_p2        |    xor   |      0|  0|  32|          32|          32|
    |wsig1_11_V_fu_2969_p2        |    xor   |      0|  0|  32|          32|          32|
    |wsig1_12_V_fu_3143_p2        |    xor   |      0|  0|  32|          32|          32|
    |wsig1_13_V_fu_3317_p2        |    xor   |      0|  0|  32|          32|          32|
    |wsig1_14_V_fu_3491_p2        |    xor   |      0|  0|  32|          32|          32|
    |wsig1_15_V_fu_3635_p2        |    xor   |      0|  0|  32|          32|          32|
    |wsig1_1_V_fu_1229_p2         |    xor   |      0|  0|  32|          32|          32|
    |wsig1_2_V_fu_1403_p2         |    xor   |      0|  0|  32|          32|          32|
    |wsig1_3_V_fu_1577_p2         |    xor   |      0|  0|  32|          32|          32|
    |wsig1_4_V_fu_1751_p2         |    xor   |      0|  0|  32|          32|          32|
    |wsig1_5_V_fu_1925_p2         |    xor   |      0|  0|  32|          32|          32|
    |wsig1_6_V_fu_2099_p2         |    xor   |      0|  0|  32|          32|          32|
    |wsig1_7_V_fu_2273_p2         |    xor   |      0|  0|  32|          32|          32|
    |wsig1_8_V_fu_2447_p2         |    xor   |      0|  0|  32|          32|          32|
    |wsig1_9_V_fu_2621_p2         |    xor   |      0|  0|  32|          32|          32|
    |xor_ln1357_11_fu_1397_p2     |    xor   |      0|  0|  32|          32|          32|
    |xor_ln1357_13_fu_1489_p2     |    xor   |      0|  0|  32|          32|          32|
    |xor_ln1357_15_fu_1571_p2     |    xor   |      0|  0|  32|          32|          32|
    |xor_ln1357_17_fu_1663_p2     |    xor   |      0|  0|  32|          32|          32|
    |xor_ln1357_19_fu_1745_p2     |    xor   |      0|  0|  32|          32|          32|
    |xor_ln1357_21_fu_1837_p2     |    xor   |      0|  0|  32|          32|          32|
    |xor_ln1357_23_fu_1919_p2     |    xor   |      0|  0|  32|          32|          32|
    |xor_ln1357_25_fu_2011_p2     |    xor   |      0|  0|  32|          32|          32|
    |xor_ln1357_27_fu_2093_p2     |    xor   |      0|  0|  32|          32|          32|
    |xor_ln1357_29_fu_2185_p2     |    xor   |      0|  0|  32|          32|          32|
    |xor_ln1357_2_fu_1049_p2      |    xor   |      0|  0|  32|          32|          32|
    |xor_ln1357_31_fu_2267_p2     |    xor   |      0|  0|  32|          32|          32|
    |xor_ln1357_33_fu_2359_p2     |    xor   |      0|  0|  32|          32|          32|
    |xor_ln1357_35_fu_2441_p2     |    xor   |      0|  0|  32|          32|          32|
    |xor_ln1357_37_fu_2533_p2     |    xor   |      0|  0|  32|          32|          32|
    |xor_ln1357_39_fu_2615_p2     |    xor   |      0|  0|  32|          32|          32|
    |xor_ln1357_41_fu_2707_p2     |    xor   |      0|  0|  32|          32|          32|
    |xor_ln1357_43_fu_2789_p2     |    xor   |      0|  0|  32|          32|          32|
    |xor_ln1357_45_fu_2881_p2     |    xor   |      0|  0|  32|          32|          32|
    |xor_ln1357_47_fu_2963_p2     |    xor   |      0|  0|  32|          32|          32|
    |xor_ln1357_49_fu_3055_p2     |    xor   |      0|  0|  32|          32|          32|
    |xor_ln1357_4_fu_1141_p2      |    xor   |      0|  0|  32|          32|          32|
    |xor_ln1357_51_fu_3137_p2     |    xor   |      0|  0|  32|          32|          32|
    |xor_ln1357_53_fu_3229_p2     |    xor   |      0|  0|  32|          32|          32|
    |xor_ln1357_55_fu_3311_p2     |    xor   |      0|  0|  32|          32|          32|
    |xor_ln1357_57_fu_3403_p2     |    xor   |      0|  0|  32|          32|          32|
    |xor_ln1357_59_fu_3485_p2     |    xor   |      0|  0|  32|          32|          32|
    |xor_ln1357_61_fu_3559_p2     |    xor   |      0|  0|  32|          32|          32|
    |xor_ln1357_63_fu_3629_p2     |    xor   |      0|  0|  32|          32|          32|
    |xor_ln1357_65_fu_4411_p2     |    xor   |      0|  0|  32|          32|          32|
    |xor_ln1357_68_fu_4519_p2     |    xor   |      0|  0|  32|          32|          32|
    |xor_ln1357_6_fu_1223_p2      |    xor   |      0|  0|  32|          32|          32|
    |xor_ln1357_71_fu_4636_p2     |    xor   |      0|  0|  32|          32|          32|
    |xor_ln1357_73_fu_4701_p2     |    xor   |      0|  0|  32|          32|          32|
    |xor_ln1357_8_fu_1315_p2      |    xor   |      0|  0|  32|          32|          32|
    |xor_ln1357_9_fu_4531_p2      |    xor   |      0|  0|  32|          32|          32|
    |xor_ln1357_fu_967_p2         |    xor   |      0|  0|  32|          32|          32|
    +-----------------------------+----------+-------+---+----+------------+------------+
    |Total                        |          |      0|  0|3749|        3382|        3532|
    +-----------------------------+----------+-------+---+----+------------+------------+

    * Multiplexer: 
    +--------------------------------------+----+-----------+-----+-----------+
    |                 Name                 | LUT| Input Size| Bits| Total Bits|
    +--------------------------------------+----+-----------+-----+-----------+
    |ap_NS_fsm                             |  38|          7|    1|          7|
    |ap_enable_reg_pp0_iter1               |   9|          2|    1|          2|
    |ap_enable_reg_pp0_iter2               |  15|          3|    1|          3|
    |ap_phi_mux_lhs_V_19_phi_fu_804_p4     |   9|          2|   32|         64|
    |ap_phi_mux_lhs_V_phi_fu_783_p4        |   9|          2|   32|         64|
    |ap_phi_mux_p_02622_0_i_phi_fu_868_p4  |   9|          2|   32|         64|
    |ap_phi_mux_rhs_V_24_phi_fu_814_p4     |   9|          2|   32|         64|
    |ap_phi_mux_rhs_V_25_phi_fu_793_p4     |   9|          2|   32|         64|
    |ap_phi_mux_rhs_V_26_phi_fu_825_p4     |   9|          2|   32|         64|
    |ap_phi_mux_rhs_V_phi_fu_772_p4        |   9|          2|   32|         64|
    |ap_phi_mux_t_V_phi_fu_761_p4          |   9|          2|    7|         14|
    |ap_phi_mux_use_0_0_i_phi_fu_879_p4    |   9|          2|    1|          2|
    |ap_sig_allocacmp_w_0_V_1_load         |   9|          2|   32|         64|
    |ap_sig_allocacmp_w_10_V_1_load        |   9|          2|   32|         64|
    |ap_sig_allocacmp_w_11_V_1_load        |   9|          2|   32|         64|
    |ap_sig_allocacmp_w_12_V_1_load        |   9|          2|   32|         64|
    |ap_sig_allocacmp_w_13_V_1_load        |   9|          2|   32|         64|
    |ap_sig_allocacmp_w_14_V_1_load        |   9|          2|   32|         64|
    |ap_sig_allocacmp_w_15_V_load          |   9|          2|   32|         64|
    |ap_sig_allocacmp_w_1_V_1_load         |   9|          2|   32|         64|
    |ap_sig_allocacmp_w_2_V_1_load         |   9|          2|   32|         64|
    |ap_sig_allocacmp_w_3_V_1_load         |   9|          2|   32|         64|
    |ap_sig_allocacmp_w_4_V_1_load         |   9|          2|   32|         64|
    |ap_sig_allocacmp_w_5_V_1_load         |   9|          2|   32|         64|
    |ap_sig_allocacmp_w_6_V_1_load         |   9|          2|   32|         64|
    |ap_sig_allocacmp_w_7_V_1_load         |   9|          2|   32|         64|
    |ap_sig_allocacmp_w_8_V_1_load         |   9|          2|   32|         64|
    |ap_sig_allocacmp_w_9_V_1_load         |   9|          2|   32|         64|
    |ap_sig_allocacmp_wsig0_0_V_1_load     |   9|          2|   32|         64|
    |ap_sig_allocacmp_wsig0_10_V_1_load    |   9|          2|   32|         64|
    |ap_sig_allocacmp_wsig0_11_V_1_load    |   9|          2|   32|         64|
    |ap_sig_allocacmp_wsig0_12_V_1_load    |   9|          2|   32|         64|
    |ap_sig_allocacmp_wsig0_13_V_1_load    |   9|          2|   32|         64|
    |ap_sig_allocacmp_wsig0_14_V_1_load    |   9|          2|   32|         64|
    |ap_sig_allocacmp_wsig0_15_V_1_load    |   9|          2|   32|         64|
    |ap_sig_allocacmp_wsig0_1_V_1_load     |   9|          2|   32|         64|
    |ap_sig_allocacmp_wsig0_2_V_1_load     |   9|          2|   32|         64|
    |ap_sig_allocacmp_wsig0_3_V_1_load     |   9|          2|   32|         64|
    |ap_sig_allocacmp_wsig0_4_V_1_load     |   9|          2|   32|         64|
    |ap_sig_allocacmp_wsig0_5_V_1_load     |   9|          2|   32|         64|
    |ap_sig_allocacmp_wsig0_6_V_1_load     |   9|          2|   32|         64|
    |ap_sig_allocacmp_wsig0_7_V_1_load     |   9|          2|   32|         64|
    |ap_sig_allocacmp_wsig0_8_V_1_load     |   9|          2|   32|         64|
    |ap_sig_allocacmp_wsig0_9_V_1_load     |   9|          2|   32|         64|
    |ap_sig_allocacmp_wsig1_0_V_1_load     |   9|          2|   32|         64|
    |ap_sig_allocacmp_wsig1_10_V_1_load    |   9|          2|   32|         64|
    |ap_sig_allocacmp_wsig1_11_V_1_load    |   9|          2|   32|         64|
    |ap_sig_allocacmp_wsig1_12_V_1_load    |   9|          2|   32|         64|
    |ap_sig_allocacmp_wsig1_13_V_1_load    |   9|          2|   32|         64|
    |ap_sig_allocacmp_wsig1_14_V_1_load    |   9|          2|   32|         64|
    |ap_sig_allocacmp_wsig1_15_V_1_load    |   9|          2|   32|         64|
    |ap_sig_allocacmp_wsig1_1_V_1_load     |   9|          2|   32|         64|
    |ap_sig_allocacmp_wsig1_2_V_1_load     |   9|          2|   32|         64|
    |ap_sig_allocacmp_wsig1_3_V_1_load     |   9|          2|   32|         64|
    |ap_sig_allocacmp_wsig1_4_V_1_load     |   9|          2|   32|         64|
    |ap_sig_allocacmp_wsig1_5_V_1_load     |   9|          2|   32|         64|
    |ap_sig_allocacmp_wsig1_6_V_1_load     |   9|          2|   32|         64|
    |ap_sig_allocacmp_wsig1_7_V_1_load     |   9|          2|   32|         64|
    |ap_sig_allocacmp_wsig1_8_V_1_load     |   9|          2|   32|         64|
    |ap_sig_allocacmp_wsig1_9_V_1_load     |   9|          2|   32|         64|
    |lhs_V_19_reg_800                      |   9|          2|   32|         64|
    |lhs_V_reg_779                         |   9|          2|   32|         64|
    |p_02473_0_i_reg_855                   |   9|          2|   32|         64|
    |p_02612_0_i_reg_844                   |   9|          2|   32|         64|
    |p_02620_0_i_reg_833                   |   9|          2|   32|         64|
    |p_02622_0_i_reg_865                   |   9|          2|   32|         64|
    |rhs_V_24_reg_811                      |   9|          2|   32|         64|
    |rhs_V_25_reg_790                      |   9|          2|   32|         64|
    |rhs_V_26_reg_822                      |   9|          2|   32|         64|
    |rhs_V_reg_769                         |   9|          2|   32|         64|
    |t_V_reg_757                           |   9|          2|    7|         14|
    |use_0_0_i_reg_875                     |   9|          2|    1|          2|
    |w_0_V_1_fu_498                        |   9|          2|   32|         64|
    |w_10_V_1_fu_538                       |   9|          2|   32|         64|
    |w_11_V_1_fu_542                       |   9|          2|   32|         64|
    |w_12_V_1_fu_546                       |   9|          2|   32|         64|
    |w_13_V_1_fu_550                       |   9|          2|   32|         64|
    |w_14_V_1_fu_554                       |   9|          2|   32|         64|
    |w_15_V_fu_558                         |   9|          2|   32|         64|
    |w_1_V_1_fu_502                        |   9|          2|   32|         64|
    |w_2_V_1_fu_506                        |   9|          2|   32|         64|
    |w_3_V_1_fu_510                        |   9|          2|   32|         64|
    |w_4_V_1_fu_514                        |   9|          2|   32|         64|
    |w_5_V_1_fu_518                        |   9|          2|   32|         64|
    |w_6_V_1_fu_522                        |   9|          2|   32|         64|
    |w_7_V_1_fu_526                        |   9|          2|   32|         64|
    |w_8_V_1_fu_530                        |   9|          2|   32|         64|
    |w_9_V_1_fu_534                        |   9|          2|   32|         64|
    |wsig0_0_V_1_fu_562                    |   9|          2|   32|         64|
    |wsig0_10_V_1_fu_602                   |   9|          2|   32|         64|
    |wsig0_11_V_1_fu_606                   |   9|          2|   32|         64|
    |wsig0_12_V_1_fu_610                   |   9|          2|   32|         64|
    |wsig0_13_V_1_fu_614                   |   9|          2|   32|         64|
    |wsig0_14_V_1_fu_618                   |   9|          2|   32|         64|
    |wsig0_15_V_1_fu_622                   |   9|          2|   32|         64|
    |wsig0_1_V_1_fu_566                    |   9|          2|   32|         64|
    |wsig0_2_V_1_fu_570                    |   9|          2|   32|         64|
    |wsig0_3_V_1_fu_574                    |   9|          2|   32|         64|
    |wsig0_4_V_1_fu_578                    |   9|          2|   32|         64|
    |wsig0_5_V_1_fu_582                    |   9|          2|   32|         64|
    |wsig0_6_V_1_fu_586                    |   9|          2|   32|         64|
    |wsig0_7_V_1_fu_590                    |   9|          2|   32|         64|
    |wsig0_8_V_1_fu_594                    |   9|          2|   32|         64|
    |wsig0_9_V_1_fu_598                    |   9|          2|   32|         64|
    |wsig1_0_V_1_fu_626                    |   9|          2|   32|         64|
    |wsig1_10_V_1_fu_666                   |   9|          2|   32|         64|
    |wsig1_11_V_1_fu_670                   |   9|          2|   32|         64|
    |wsig1_12_V_1_fu_674                   |   9|          2|   32|         64|
    |wsig1_13_V_1_fu_678                   |   9|          2|   32|         64|
    |wsig1_14_V_1_fu_682                   |   9|          2|   32|         64|
    |wsig1_15_V_1_fu_686                   |   9|          2|   32|         64|
    |wsig1_1_V_1_fu_630                    |   9|          2|   32|         64|
    |wsig1_2_V_1_fu_634                    |   9|          2|   32|         64|
    |wsig1_3_V_1_fu_638                    |   9|          2|   32|         64|
    |wsig1_4_V_1_fu_642                    |   9|          2|   32|         64|
    |wsig1_5_V_1_fu_646                    |   9|          2|   32|         64|
    |wsig1_6_V_1_fu_650                    |   9|          2|   32|         64|
    |wsig1_7_V_1_fu_654                    |   9|          2|   32|         64|
    |wsig1_8_V_1_fu_658                    |   9|          2|   32|         64|
    |wsig1_9_V_1_fu_662                    |   9|          2|   32|         64|
    +--------------------------------------+----+-----------+-----+-----------+
    |Total                                 |1115|        246| 3635|       7276|
    +--------------------------------------+----+-----------+-----+-----------+

    * Register: 
    +-------------------------------------+----+----+-----+-----------+
    |                 Name                | FF | LUT| Bits| Const Bits|
    +-------------------------------------+----+----+-----+-----------+
    |a_V_reg_5669                         |  32|   0|   32|          0|
    |add_ln209_10_reg_5591                |  32|   0|   32|          0|
    |add_ln209_1_reg_5456                 |  32|   0|   32|          0|
    |add_ln209_4_reg_5611                 |  32|   0|   32|          0|
    |add_ln209_6_reg_5622                 |  32|   0|   32|          0|
    |add_ln214_1_reg_5538                 |   4|   0|    4|          0|
    |and_ln104_reg_5596                   |   1|   0|    1|          0|
    |ap_CS_fsm                            |   6|   0|    6|          0|
    |ap_enable_reg_pp0_iter0              |   1|   0|    1|          0|
    |ap_enable_reg_pp0_iter1              |   1|   0|    1|          0|
    |ap_enable_reg_pp0_iter2              |   1|   0|    1|          0|
    |cur_V_reg_5531                       |   4|   0|    4|          0|
    |cur_V_reg_5531_pp0_iter1_reg         |   4|   0|    4|          0|
    |icmp_ln887_1_reg_5543                |   1|   0|    1|          0|
    |icmp_ln887_1_reg_5543_pp0_iter1_reg  |   1|   0|    1|          0|
    |icmp_ln887_reg_5521                  |   1|   0|    1|          0|
    |icmp_ln887_reg_5521_pp0_iter1_reg    |   1|   0|    1|          0|
    |k_i_1_V_reg_5605                     |  32|   0|   32|          0|
    |lhs_V_19_reg_800                     |  32|   0|   32|          0|
    |lhs_V_reg_779                        |  32|   0|   32|          0|
    |p_02473_0_i_reg_855                  |  32|   0|   32|          0|
    |p_02612_0_i_reg_844                  |  32|   0|   32|          0|
    |p_02620_0_i_reg_833                  |  32|   0|   32|          0|
    |p_02622_0_i_reg_865                  |  32|   0|   32|          0|
    |ret_V_16_reg_5617                    |  32|   0|   32|          0|
    |ret_V_reg_5525                       |   7|   0|    7|          0|
    |rhs_V_24_reg_811                     |  32|   0|   32|          0|
    |rhs_V_25_reg_790                     |  32|   0|   32|          0|
    |rhs_V_26_reg_822                     |  32|   0|   32|          0|
    |rhs_V_reg_769                        |  32|   0|   32|          0|
    |t_V_reg_757                          |   7|   0|    7|          0|
    |tmp91_reg_5628                       |  32|   0|   32|          0|
    |tmp_4_reg_5547                       |  32|   0|   32|          0|
    |tmp_5_reg_5586                       |  32|   0|   32|          0|
    |tmp_6_reg_5552                       |  32|   0|   32|          0|
    |tmp_a_0_V_2_reg_5664                 |  32|   0|   32|          0|
    |tmp_a_1_V_1_fu_490                   |  32|   0|   32|          0|
    |tmp_a_1_V_1_load_reg_5600            |  32|   0|   32|          0|
    |tmp_e_0_V_reg_5475                   |  32|   0|   32|          0|
    |tmp_e_1_V_1_fu_494                   |  32|   0|   32|          0|
    |tmp_e_1_V_1_load_reg_5653            |  32|   0|   32|          0|
    |tmp_e_1_V_3_reg_5658                 |  32|   0|   32|          0|
    |tmp_e_V_reg_5674                     |  32|   0|   32|          0|
    |tmp_wi_V_reg_5557                    |  32|   0|   32|          0|
    |tmp_wi_back_1_V_reg_5562             |  32|   0|   32|          0|
    |use_0_0_i_reg_875                    |   1|   0|    1|          0|
    |use_0_reg_5679                       |   1|   0|    1|          0|
    |w_0_V_1_fu_498                       |  32|   0|   32|          0|
    |w_0_V_3_reg_5633                     |  32|   0|   32|          0|
    |w_10_V_1_fu_538                      |  32|   0|   32|          0|
    |w_11_V_1_fu_542                      |  32|   0|   32|          0|
    |w_12_V_1_fu_546                      |  32|   0|   32|          0|
    |w_13_V_1_fu_550                      |  32|   0|   32|          0|
    |w_14_V_1_fu_554                      |  32|   0|   32|          0|
    |w_15_V_fu_558                        |  32|   0|   32|          0|
    |w_1_V_1_fu_502                       |  32|   0|   32|          0|
    |w_2_V_1_fu_506                       |  32|   0|   32|          0|
    |w_3_V_1_fu_510                       |  32|   0|   32|          0|
    |w_4_V_1_fu_514                       |  32|   0|   32|          0|
    |w_5_V_1_fu_518                       |  32|   0|   32|          0|
    |w_6_V_1_fu_522                       |  32|   0|   32|          0|
    |w_7_V_1_fu_526                       |  32|   0|   32|          0|
    |w_8_V_1_fu_530                       |  32|   0|   32|          0|
    |w_9_V_1_fu_534                       |  32|   0|   32|          0|
    |w_i_1_V_reg_5581                     |  32|   0|   32|          0|
    |wsig0_0_V_1_fu_562                   |  32|   0|   32|          0|
    |wsig0_10_V_1_fu_602                  |  32|   0|   32|          0|
    |wsig0_11_V_1_fu_606                  |  32|   0|   32|          0|
    |wsig0_12_V_1_fu_610                  |  32|   0|   32|          0|
    |wsig0_13_V_1_fu_614                  |  32|   0|   32|          0|
    |wsig0_14_V_1_fu_618                  |  32|   0|   32|          0|
    |wsig0_15_V_1_fu_622                  |  32|   0|   32|          0|
    |wsig0_1_V_1_fu_566                   |  32|   0|   32|          0|
    |wsig0_2_V_1_fu_570                   |  32|   0|   32|          0|
    |wsig0_3_V_1_fu_574                   |  32|   0|   32|          0|
    |wsig0_4_V_1_fu_578                   |  32|   0|   32|          0|
    |wsig0_5_V_1_fu_582                   |  32|   0|   32|          0|
    |wsig0_6_V_1_fu_586                   |  32|   0|   32|          0|
    |wsig0_7_V_1_fu_590                   |  32|   0|   32|          0|
    |wsig0_8_V_1_fu_594                   |  32|   0|   32|          0|
    |wsig0_9_V_1_fu_598                   |  32|   0|   32|          0|
    |wsig1_0_V_1_fu_626                   |  32|   0|   32|          0|
    |wsig1_10_V_1_fu_666                  |  32|   0|   32|          0|
    |wsig1_11_V_1_fu_670                  |  32|   0|   32|          0|
    |wsig1_12_V_1_fu_674                  |  32|   0|   32|          0|
    |wsig1_13_V_1_fu_678                  |  32|   0|   32|          0|
    |wsig1_14_V_1_fu_682                  |  32|   0|   32|          0|
    |wsig1_15_V_1_fu_686                  |  32|   0|   32|          0|
    |wsig1_1_V_1_fu_630                   |  32|   0|   32|          0|
    |wsig1_2_V_1_fu_634                   |  32|   0|   32|          0|
    |wsig1_3_V_1_fu_638                   |  32|   0|   32|          0|
    |wsig1_4_V_1_fu_642                   |  32|   0|   32|          0|
    |wsig1_5_V_1_fu_646                   |  32|   0|   32|          0|
    |wsig1_6_V_1_fu_650                   |  32|   0|   32|          0|
    |wsig1_7_V_1_fu_654                   |  32|   0|   32|          0|
    |wsig1_8_V_1_fu_658                   |  32|   0|   32|          0|
    |wsig1_9_V_1_fu_662                   |  32|   0|   32|          0|
    +-------------------------------------+----+----+-----+-----------+
    |Total                                |2634|   0| 2634|          0|
    +-------------------------------------+----+----+-----+-----------+



================================================================
== Interface
================================================================
* Summary: 
+---------------+-----+-----+------------+---------------+--------------+
|   RTL Ports   | Dir | Bits|  Protocol  | Source Object |    C Type    |
+---------------+-----+-----+------------+---------------+--------------+
|ap_clk         |  in |    1| ap_ctrl_hs | sha256_update | return value |
|ap_rst         |  in |    1| ap_ctrl_hs | sha256_update | return value |
|ap_start       |  in |    1| ap_ctrl_hs | sha256_update | return value |
|ap_done        | out |    1| ap_ctrl_hs | sha256_update | return value |
|ap_idle        | out |    1| ap_ctrl_hs | sha256_update | return value |
|ap_ready       | out |    1| ap_ctrl_hs | sha256_update | return value |
|ap_return_0    | out |   32| ap_ctrl_hs | sha256_update | return value |
|ap_return_1    | out |   32| ap_ctrl_hs | sha256_update | return value |
|ap_return_2    | out |   32| ap_ctrl_hs | sha256_update | return value |
|ap_return_3    | out |   32| ap_ctrl_hs | sha256_update | return value |
|ap_return_4    | out |   32| ap_ctrl_hs | sha256_update | return value |
|ap_return_5    | out |   32| ap_ctrl_hs | sha256_update | return value |
|ap_return_6    | out |   32| ap_ctrl_hs | sha256_update | return value |
|ap_return_7    | out |   32| ap_ctrl_hs | sha256_update | return value |
|data_V         |  in |  512|   ap_none  |     data_V    |    scalar    |
|hash_0_V_read  |  in |   32|   ap_none  | hash_0_V_read |    scalar    |
|hash_1_V_read  |  in |   32|   ap_none  | hash_1_V_read |    scalar    |
|hash_2_V_read  |  in |   32|   ap_none  | hash_2_V_read |    scalar    |
|hash_3_V_read  |  in |   32|   ap_none  | hash_3_V_read |    scalar    |
|hash_4_V_read  |  in |   32|   ap_none  | hash_4_V_read |    scalar    |
|hash_5_V_read  |  in |   32|   ap_none  | hash_5_V_read |    scalar    |
|hash_6_V_read  |  in |   32|   ap_none  | hash_6_V_read |    scalar    |
|hash_7_V_read  |  in |   32|   ap_none  | hash_7_V_read |    scalar    |
+---------------+-----+-----+------------+---------------+--------------+

