

================================================================
== Vivado HLS Report for 'sha256'
================================================================
* Date:           Sun May  2 22:25:40 2021

* Version:        2019.2 (Build 2704478 on Wed Nov 06 22:10:23 MST 2019)
* Project:        sha256
* Solution:       solution1
* Product family: zynq
* Target device:  xc7z020-clg400-1


================================================================
== Performance Estimates
================================================================
+ Timing: 
    * Summary: 
    +--------+---------+----------+------------+
    |  Clock |  Target | Estimated| Uncertainty|
    +--------+---------+----------+------------+
    |ap_clk  | 5.00 ns | 4.371 ns |   0.62 ns  |
    +--------+---------+----------+------------+

+ Latency: 
    * Summary: 
    +---------+---------+----------+-----------+-----+-------+---------+
    |  Latency (cycles) |  Latency (absolute)  |   Interval  | Pipeline|
    |   min   |   max   |    min   |    max    | min |  max  |   Type  |
    +---------+---------+----------+-----------+-----+-------+---------+
    |      550|    10939| 2.750 us | 54.695 us |  550|  10939|   none  |
    +---------+---------+----------+-----------+-----+-------+---------+

    + Detail: 
        * Instance: 
        +--------------------------+---------------+---------+---------+----------+----------+-----+-----+---------+
        |                          |               |  Latency (cycles) |  Latency (absolute) |  Interval | Pipeline|
        |         Instance         |     Module    |   min   |   max   |    min   |    max   | min | max |   Type  |
        +--------------------------+---------------+---------+---------+----------+----------+-----+-----+---------+
        |grp_sha256_update_fu_375  |sha256_update  |      546|      802| 2.730 us | 4.010 us |  546|  802|   none  |
        +--------------------------+---------------+---------+---------+----------+----------+-----+-----+---------+

        * Loop: 
        +----------+---------+---------+------------+-----------+-----------+--------+----------+
        |          |  Latency (cycles) |  Iteration |  Initiation Interval  |  Trip  |          |
        | Loop Name|   min   |   max   |   Latency  |  achieved |   target  |  Count | Pipelined|
        +----------+---------+---------+------------+-----------+-----------+--------+----------+
        |- UPDATE  |        0|     9009| 870 ~ 1126 |          -|          -|  0 ~ 8 |    no    |
        | + READ   |      320|      320|           5|          -|          -|      64|    no    |
        |- READ    |        0|      320|           5|          -|          -| 0 ~ 64 |    no    |
        +----------+---------+---------+------------+-----------+-----------+--------+----------+



================================================================
== Utilization Estimates
================================================================
* Summary: 
+-----------------+---------+-------+--------+-------+-----+
|       Name      | BRAM_18K| DSP48E|   FF   |  LUT  | URAM|
+-----------------+---------+-------+--------+-------+-----+
|DSP              |        -|      -|       -|      -|    -|
|Expression       |        -|      -|       0|  19881|    -|
|FIFO             |        -|      -|       -|      -|    -|
|Instance         |        4|      -|    5856|   8310|    0|
|Memory           |        -|      -|       -|      -|    -|
|Multiplexer      |        -|      -|       -|    434|    -|
|Register         |        -|      -|    5723|      -|    -|
+-----------------+---------+-------+--------+-------+-----+
|Total            |        4|      0|   11579|  28625|    0|
+-----------------+---------+-------+--------+-------+-----+
|Available        |      280|    220|  106400|  53200|    0|
+-----------------+---------+-------+--------+-------+-----+
|Utilization (%)  |        1|      0|      10|     53|    0|
+-----------------+---------+-------+--------+-------+-----+

+ Detail: 
    * Instance: 
    +--------------------------+---------------+---------+-------+------+------+-----+
    |         Instance         |     Module    | BRAM_18K| DSP48E|  FF  |  LUT | URAM|
    +--------------------------+---------------+---------+-------+------+------+-----+
    |grp_sha256_update_fu_375  |sha256_update  |        4|      0|  5856|  8310|    0|
    +--------------------------+---------------+---------+-------+------+------+-----+
    |Total                     |               |        4|      0|  5856|  8310|    0|
    +--------------------------+---------------+---------+-------+------+------+-----+

    * DSP48E: 
    N/A

    * Memory: 
    N/A

    * FIFO: 
    N/A

    * Expression: 
    +--------------------------+----------+-------+---+------+------------+------------+
    |       Variable Name      | Operation| DSP48E| FF|  LUT | Bitwidth P0| Bitwidth P1|
    +--------------------------+----------+-------+---+------+------------+------------+
    |add_ln277_1_fu_551_p2     |     +    |      0|  0|    13|          11|          11|
    |add_ln277_fu_745_p2       |     +    |      0|  0|    13|          11|          11|
    |i_V_2_fu_537_p2           |     +    |      0|  0|    15|           7|           1|
    |i_V_fu_717_p2             |     +    |      0|  0|    39|          32|           1|
    |offset_V_fu_556_p2        |     +    |      0|  0|    71|          64|           7|
    |ret_V_fu_512_p2           |     +    |      0|  0|    72|          65|           7|
    |Hi_1_fu_729_p2            |     -    |      0|  0|    39|           9|          32|
    |Lo_1_fu_735_p2            |     -    |      0|  0|    39|           9|          32|
    |Lo_fu_579_p2              |     -    |      0|  0|    15|           5|           9|
    |sub_ln414_1_fu_826_p2     |     -    |      0|  0|    14|           9|          10|
    |sub_ln414_fu_816_p2       |     -    |      0|  0|    14|           9|          10|
    |sub_ln82_fu_774_p2        |     -    |      0|  0|    39|           9|          32|
    |tail_len_V_fu_522_p2      |     -    |      0|  0|    71|          64|          64|
    |and_ln414_1_fu_901_p2     |    and   |      0|  0|   512|         512|         512|
    |and_ln414_2_fu_907_p2     |    and   |      0|  0|   512|         512|         512|
    |and_ln414_3_fu_664_p2     |    and   |      0|  0|   512|         512|         512|
    |and_ln414_4_fu_690_p2     |    and   |      0|  0|   512|         512|         512|
    |and_ln414_5_fu_696_p2     |    and   |      0|  0|   512|         512|         512|
    |and_ln414_fu_875_p2       |    and   |      0|  0|   512|         512|         512|
    |icmp_ln272_1_fu_531_p2    |   icmp   |      0|  0|    11|           7|           8|
    |icmp_ln272_fu_712_p2      |   icmp   |      0|  0|    18|          32|          32|
    |icmp_ln414_1_fu_585_p2    |   icmp   |      0|  0|    13|           9|           9|
    |icmp_ln414_fu_812_p2      |   icmp   |      0|  0|    18|          32|          32|
    |icmp_ln887_fu_503_p2      |   icmp   |      0|  0|    29|          64|          64|
    |icmp_ln895_fu_518_p2      |   icmp   |      0|  0|    50|          65|          65|
    |icmp_ln899_fu_758_p2      |   icmp   |      0|  0|    29|          64|           6|
    |lshr_ln414_1_fu_658_p2    |   lshr   |      0|  0|  2171|           2|         512|
    |lshr_ln414_fu_869_p2      |   lshr   |      0|  0|  2171|           2|         512|
    |p_Result_1_fu_912_p2      |    or    |      0|  0|   512|         512|         512|
    |p_Result_2_fu_701_p2      |    or    |      0|  0|   512|         512|         512|
    |select_ln414_1_fu_836_p3  |  select  |      0|  0|    10|           1|          10|
    |select_ln414_2_fu_841_p3  |  select  |      0|  0|    10|           1|          10|
    |select_ln414_3_fu_890_p3  |  select  |      0|  0|   512|           1|         512|
    |select_ln414_4_fu_607_p3  |  select  |      0|  0|    10|           1|          10|
    |select_ln414_5_fu_614_p3  |  select  |      0|  0|    10|           1|          10|
    |select_ln414_6_fu_621_p3  |  select  |      0|  0|    10|           1|          10|
    |select_ln414_7_fu_679_p3  |  select  |      0|  0|   512|           1|         512|
    |select_ln414_fu_821_p3    |  select  |      0|  0|    10|           1|          10|
    |shl_ln414_1_fu_863_p2     |    shl   |      0|  0|  2171|           2|         512|
    |shl_ln414_2_fu_646_p2     |    shl   |      0|  0|  2171|         512|         512|
    |shl_ln414_3_fu_652_p2     |    shl   |      0|  0|  2171|           2|         512|
    |shl_ln414_fu_857_p2       |    shl   |      0|  0|  2171|         512|         512|
    |Hi_fu_573_p2              |    xor   |      0|  0|     9|           9|           2|
    |xor_ln414_1_fu_601_p2     |    xor   |      0|  0|    10|          10|           9|
    |xor_ln414_2_fu_628_p2     |    xor   |      0|  0|    10|          10|           9|
    |xor_ln414_3_fu_685_p2     |    xor   |      0|  0|   512|           2|         512|
    |xor_ln414_fu_896_p2       |    xor   |      0|  0|   512|           2|         512|
    +--------------------------+----------+-------+---+------+------------+------------+
    |Total                     |          |      0|  0| 19881|        5746|        9739|
    +--------------------------+----------+-------+---+------+------------+------------+

    * Multiplexer: 
    +----------------------------------------+----+-----------+-----+-----------+
    |                  Name                  | LUT| Input Size| Bits| Total Bits|
    +----------------------------------------+----+-----------+-----+-----------+
    |ap_NS_fsm                               |  89|         18|    1|         18|
    |ctx_mem_address0                        |  15|          3|    9|         27|
    |data_V_1_reg_365                        |   9|          2|  512|       1024|
    |grp_sha256_update_fu_375_data_V         |  21|          4|  512|       2048|
    |grp_sha256_update_fu_375_hash_0_V_read  |  15|          3|   32|         96|
    |grp_sha256_update_fu_375_hash_1_V_read  |  15|          3|   32|         96|
    |grp_sha256_update_fu_375_hash_2_V_read  |  15|          3|   32|         96|
    |grp_sha256_update_fu_375_hash_3_V_read  |  15|          3|   32|         96|
    |grp_sha256_update_fu_375_hash_4_V_read  |  15|          3|   32|         96|
    |grp_sha256_update_fu_375_hash_5_V_read  |  15|          3|   32|         96|
    |grp_sha256_update_fu_375_hash_6_V_read  |  15|          3|   32|         96|
    |grp_sha256_update_fu_375_hash_7_V_read  |  15|          3|   32|         96|
    |hash_V_0_0_reg_219                      |   9|          2|   32|         64|
    |hash_V_0_1_reg_354                      |   9|          2|   32|         64|
    |hash_V_1_0_reg_207                      |   9|          2|   32|         64|
    |hash_V_1_1_reg_343                      |   9|          2|   32|         64|
    |hash_V_2_0_reg_195                      |   9|          2|   32|         64|
    |hash_V_2_1_reg_332                      |   9|          2|   32|         64|
    |hash_V_3_0_reg_183                      |   9|          2|   32|         64|
    |hash_V_3_1_reg_321                      |   9|          2|   32|         64|
    |hash_V_4_0_reg_171                      |   9|          2|   32|         64|
    |hash_V_4_1_reg_310                      |   9|          2|   32|         64|
    |hash_V_5_0_reg_159                      |   9|          2|   32|         64|
    |hash_V_5_1_reg_299                      |   9|          2|   32|         64|
    |hash_V_6_0_reg_147                      |   9|          2|   32|         64|
    |hash_V_6_1_reg_288                      |   9|          2|   32|         64|
    |hash_V_7_0_reg_135                      |   9|          2|   32|         64|
    |hash_V_7_1_reg_277                      |   9|          2|   32|         64|
    |p_010_reg_231                           |   9|          2|   64|        128|
    |p_Val2_s_reg_254                        |   9|          2|  512|       1024|
    |t_V_2_reg_243                           |   9|          2|    7|         14|
    |t_V_reg_266                             |   9|          2|   32|         64|
    +----------------------------------------+----+-----------+-----+-----------+
    |Total                                   | 434|         91| 2417|       6139|
    +----------------------------------------+----+-----------+-----+-----------+

    * Register: 
    +---------------------------------------+-----+----+-----+-----------+
    |                  Name                 |  FF | LUT| Bits| Const Bits|
    +---------------------------------------+-----+----+-----+-----------+
    |Hi_1_reg_1066                          |   29|   0|   32|          3|
    |Hi_reg_1028                            |    9|   0|    9|          0|
    |Lo_1_reg_1071                          |   29|   0|   32|          3|
    |Lo_reg_1033                            |    6|   0|    9|          3|
    |add_ln277_1_reg_1008                   |   11|   0|   11|          0|
    |add_ln277_reg_1076                     |   11|   0|   11|          0|
    |and_ln414_3_reg_1052                   |  512|   0|  512|          0|
    |and_ln414_reg_1137                     |  512|   0|  512|          0|
    |ap_CS_fsm                              |   17|   0|   17|          0|
    |data_V_1_reg_365                       |  512|   0|  512|          0|
    |data_V_read_assign_fu_104              |  512|   0|  512|          0|
    |data_V_read_assign_l_1_reg_1013        |  512|   0|  512|          0|
    |grp_sha256_update_fu_375_ap_start_reg  |    1|   0|    1|          0|
    |hash_V_0_0_reg_219                     |   32|   0|   32|          0|
    |hash_V_0_1_reg_354                     |   32|   0|   32|          0|
    |hash_V_1_0_reg_207                     |   32|   0|   32|          0|
    |hash_V_1_1_reg_343                     |   32|   0|   32|          0|
    |hash_V_2_0_reg_195                     |   32|   0|   32|          0|
    |hash_V_2_1_reg_332                     |   32|   0|   32|          0|
    |hash_V_3_0_reg_183                     |   32|   0|   32|          0|
    |hash_V_3_1_reg_321                     |   32|   0|   32|          0|
    |hash_V_4_0_reg_171                     |   32|   0|   32|          0|
    |hash_V_4_1_reg_310                     |   32|   0|   32|          0|
    |hash_V_5_0_reg_159                     |   32|   0|   32|          0|
    |hash_V_5_1_reg_299                     |   32|   0|   32|          0|
    |hash_V_6_0_reg_147                     |   32|   0|   32|          0|
    |hash_V_6_1_reg_288                     |   32|   0|   32|          0|
    |hash_V_7_0_reg_135                     |   32|   0|   32|          0|
    |hash_V_7_1_reg_277                     |   32|   0|   32|          0|
    |i_V_2_reg_998                          |    7|   0|    7|          0|
    |i_V_reg_1061                           |   32|   0|   32|          0|
    |icmp_ln414_1_reg_1038                  |    1|   0|    1|          0|
    |icmp_ln414_reg_1113                    |    1|   0|    1|          0|
    |icmp_ln887_reg_972                     |    1|   0|    1|          0|
    |offset_V_reg_1018                      |   64|   0|   64|          0|
    |p_010_reg_231                          |   64|   0|   64|          0|
    |p_Result_7_reg_1098                    |  512|   0|  512|          0|
    |p_Val2_s_reg_254                       |  512|   0|  512|          0|
    |reg_443                                |    8|   0|    8|          0|
    |ret_V_reg_976                          |   65|   0|   65|          0|
    |shl_ln414_2_reg_1046                   |  512|   0|  512|          0|
    |shl_ln414_reg_1131                     |  512|   0|  512|          0|
    |sub_ln414_1_reg_1126                   |   10|   0|   10|          0|
    |sub_ln414_reg_1121                     |    7|   0|   10|          3|
    |t_V_2_reg_243                          |    7|   0|    7|          0|
    |t_V_reg_266                            |   32|   0|   32|          0|
    |tail_len_V_reg_984                     |   64|   0|   64|          0|
    |trunc_ln209_reg_990                    |   32|   0|   32|          0|
    |trunc_ln270_reg_966                    |   11|   0|   11|          0|
    |trunc_ln414_1_reg_1089                 |    7|   0|   10|          3|
    |trunc_ln414_reg_1081                   |    7|   0|   10|          3|
    |trunc_ln555_reg_1003                   |    6|   0|    6|          0|
    |zext_ln53_reg_961                      |   64|   0|   65|          1|
    +---------------------------------------+-----+----+-----+-----------+
    |Total                                  | 5723|   0| 5742|         19|
    +---------------------------------------+-----+----+-----+-----------+



================================================================
== Interface
================================================================
* Summary: 
+------------------+-----+-----+------------+--------------+--------------+
|     RTL Ports    | Dir | Bits|  Protocol  | Source Object|    C Type    |
+------------------+-----+-----+------------+--------------+--------------+
|ap_clk            |  in |    1| ap_ctrl_hs |    sha256    | return value |
|ap_rst            |  in |    1| ap_ctrl_hs |    sha256    | return value |
|ap_start          |  in |    1| ap_ctrl_hs |    sha256    | return value |
|ap_done           | out |    1| ap_ctrl_hs |    sha256    | return value |
|ap_idle           | out |    1| ap_ctrl_hs |    sha256    | return value |
|ap_ready          | out |    1| ap_ctrl_hs |    sha256    | return value |
|ap_return         | out |  256| ap_ctrl_hs |    sha256    | return value |
|ctx_mem_address0  | out |    9|  ap_memory |    ctx_mem   |     array    |
|ctx_mem_ce0       | out |    1|  ap_memory |    ctx_mem   |     array    |
|ctx_mem_q0        |  in |    8|  ap_memory |    ctx_mem   |     array    |
|ctx_len_V         |  in |   64|   ap_none  |   ctx_len_V  |    scalar    |
+------------------+-----+-----+------------+--------------+--------------+

