

================================================================
== Vivado HLS Report for 'sha256_update'
================================================================
* Date:           Mon May  3 00:45:59 2021

* Version:        2019.2 (Build 2704478 on Wed Nov 06 22:10:23 MST 2019)
* Project:        sha256
* Solution:       solution1
* Product family: zynq
* Target device:  xc7z020-clg400-1


================================================================
== Performance Estimates
================================================================
+ Timing: 
    * Summary: 
    +--------+---------+----------+------------+
    |  Clock |  Target | Estimated| Uncertainty|
    +--------+---------+----------+------------+
    |ap_clk  | 5.00 ns | 4.371 ns |   0.62 ns  |
    +--------+---------+----------+------------+

+ Latency: 
    * Summary: 
    +---------+---------+----------+----------+-----+-----+---------+
    |  Latency (cycles) |  Latency (absolute) |  Interval | Pipeline|
    |   min   |   max   |    min   |    max   | min | max |   Type  |
    +---------+---------+----------+----------+-----+-----+---------+
    |      546|      802| 2.730 us | 4.010 us |  546|  802|   none  |
    +---------+---------+----------+----------+-----+-----+---------+

    + Detail: 
        * Instance: 
        N/A

        * Loop: 
        +-----------------+---------+---------+----------+-----------+-----------+------+----------+
        |                 |  Latency (cycles) | Iteration|  Initiation Interval  | Trip |          |
        |    Loop Name    |   min   |   max   |  Latency |  achieved |   target  | Count| Pipelined|
        +-----------------+---------+---------+----------+-----------+-----------+------+----------+
        |- ASSIGN_M_0_16  |      160|      160|        10|          -|          -|    16|    no    |
        |- ITERATE_64     |      384|      640|  6 ~ 10  |          -|          -|    64|    no    |
        +-----------------+---------+---------+----------+-----------+-----------+------+----------+



================================================================
== Utilization Estimates
================================================================
* Summary: 
+-----------------+---------+-------+--------+-------+-----+
|       Name      | BRAM_18K| DSP48E|   FF   |  LUT  | URAM|
+-----------------+---------+-------+--------+-------+-----+
|DSP              |        -|      -|       -|      -|    -|
|Expression       |        -|      -|       0|   4713|    -|
|FIFO             |        -|      -|       -|      -|    -|
|Instance         |        -|      -|    3692|   3216|    -|
|Memory           |        4|      -|       0|      0|    0|
|Multiplexer      |        -|      -|       -|    381|    -|
|Register         |        -|      -|    2164|      -|    -|
+-----------------+---------+-------+--------+-------+-----+
|Total            |        4|      0|    5856|   8310|    0|
+-----------------+---------+-------+--------+-------+-----+
|Available        |      280|    220|  106400|  53200|    0|
+-----------------+---------+-------+--------+-------+-----+
|Utilization (%)  |        1|      0|       5|     15|    0|
+-----------------+---------+-------+--------+-------+-----+

+ Detail: 
    * Instance: 
    +-------------------------+----------------------+---------+-------+------+------+-----+
    |         Instance        |        Module        | BRAM_18K| DSP48E|  FF  |  LUT | URAM|
    +-------------------------+----------------------+---------+-------+------+------+-----+
    |sha256_lshr_512nsdEe_U1  |sha256_lshr_512nsdEe  |        0|      0|  3692|  3216|    0|
    +-------------------------+----------------------+---------+-------+------+------+-----+
    |Total                    |                      |        0|      0|  3692|  3216|    0|
    +-------------------------+----------------------+---------+-------+------+------+-----+

    * DSP48E: 
    N/A

    * Memory: 
    +-----------+-------------------+---------+---+----+-----+------+-----+------+-------------+
    |   Memory  |       Module      | BRAM_18K| FF| LUT| URAM| Words| Bits| Banks| W*Bits*Banks|
    +-----------+-------------------+---------+---+----+-----+------+-----+------+-------------+
    |k_V_U      |sha256_update_k_V  |        1|  0|   0|    0|    64|   32|     1|         2048|
    |w_V_U      |sha256_update_w_V  |        1|  0|   0|    0|    64|   32|     1|         2048|
    |wsig0_V_U  |sha256_update_w_V  |        1|  0|   0|    0|    64|   32|     1|         2048|
    |wsig1_V_U  |sha256_update_w_V  |        1|  0|   0|    0|    64|   32|     1|         2048|
    +-----------+-------------------+---------+---+----+-----+------+-----+------+-------------+
    |Total      |                   |        4|  0|   0|    0|   256|  128|     4|         8192|
    +-----------+-------------------+---------+---+----+-----+------+-----+------+-------------+

    * FIFO: 
    N/A

    * Expression: 
    +--------------------------+----------+-------+---+------+------------+------------+
    |       Variable Name      | Operation| DSP48E| FF|  LUT | Bitwidth P0| Bitwidth P1|
    +--------------------------+----------+-------+---+------+------------+------------+
    |a_V_fu_1245_p2            |     +    |      0|  0|    32|          32|          32|
    |add_ln209_1_fu_857_p2     |     +    |      0|  0|    39|          32|          32|
    |add_ln209_3_fu_1149_p2    |     +    |      0|  0|    32|          32|          32|
    |add_ln209_4_fu_1139_p2    |     +    |      0|  0|    32|          32|          32|
    |add_ln209_5_fu_1144_p2    |     +    |      0|  0|    32|          32|          32|
    |add_ln209_8_fu_1241_p2    |     +    |      0|  0|    32|          32|          32|
    |add_ln209_fu_861_p2       |     +    |      0|  0|    32|          32|          32|
    |add_ln700_1_fu_735_p2     |     +    |      0|  0|    39|          32|          32|
    |add_ln700_2_fu_740_p2     |     +    |      0|  0|    39|          32|          32|
    |add_ln700_3_fu_745_p2     |     +    |      0|  0|    39|          32|          32|
    |add_ln700_4_fu_750_p2     |     +    |      0|  0|    39|          32|          32|
    |add_ln700_5_fu_755_p2     |     +    |      0|  0|    39|          32|          32|
    |add_ln700_6_fu_760_p2     |     +    |      0|  0|    39|          32|          32|
    |add_ln700_7_fu_765_p2     |     +    |      0|  0|    39|          32|          32|
    |add_ln700_fu_730_p2       |     +    |      0|  0|    39|          32|          32|
    |e_V_fu_1236_p2            |     +    |      0|  0|    39|          32|          32|
    |i_V_1_fu_719_p2           |     +    |      0|  0|    15|           7|           1|
    |i_V_fu_444_p2             |     +    |      0|  0|    15|           5|           1|
    |ret_V_10_fu_870_p2        |     +    |      0|  0|    15|           5|           6|
    |ret_V_7_fu_828_p2         |     +    |      0|  0|    15|           4|           6|
    |ret_V_8_fu_844_p2         |     +    |      0|  0|    15|           4|           6|
    |ret_V_9_fu_834_p2         |     +    |      0|  0|    15|           1|           6|
    |t1_V_fu_1153_p2           |     +    |      0|  0|    32|          32|          32|
    |tmp_wi_16_V_fu_865_p2     |     +    |      0|  0|    32|          32|          32|
    |Lo_fu_468_p2              |     -    |      0|  0|    15|           7|           9|
    |sub_ln647_1_fu_505_p2     |     -    |      0|  0|    14|          10|          10|
    |sub_ln647_2_fu_534_p2     |     -    |      0|  0|    14|           9|          10|
    |sub_ln647_fu_493_p2       |     -    |      0|  0|    14|          10|          10|
    |p_Result_s_fu_557_p2      |    and   |      0|  0|   512|         512|         512|
    |ret_V_42_fu_1091_p2       |    and   |      0|  0|    32|          32|          32|
    |ret_V_43_fu_1103_p2       |    and   |      0|  0|    32|          32|          32|
    |ret_V_47_fu_1121_p2       |    and   |      0|  0|    32|          32|          32|
    |ret_V_48_fu_1127_p2       |    and   |      0|  0|    32|          32|          32|
    |icmp_ln647_fu_474_p2      |   icmp   |      0|  0|    13|           9|           9|
    |icmp_ln887_1_fu_713_p2    |   icmp   |      0|  0|    11|           7|           8|
    |icmp_ln887_2_fu_818_p2    |   icmp   |      0|  0|    11|           7|           6|
    |icmp_ln887_fu_438_p2      |   icmp   |      0|  0|    11|           5|           6|
    |lshr_ln647_1_fu_551_p2    |   lshr   |      0|  0|  2171|           2|         512|
    |select_ln647_1_fu_519_p3  |  select  |      0|  0|   512|           1|         512|
    |select_ln647_2_fu_526_p3  |  select  |      0|  0|    10|           1|          10|
    |select_ln647_fu_511_p3    |  select  |      0|  0|    10|           1|          10|
    |Hi_fu_462_p2              |    xor   |      0|  0|     9|           9|           2|
    |r_V_26_fu_1097_p2         |    xor   |      0|  0|    32|          32|           2|
    |ret_V_13_fu_940_p2        |    xor   |      0|  0|    32|          32|          32|
    |ret_V_16_fu_1006_p2       |    xor   |      0|  0|    32|          32|          32|
    |ret_V_20_fu_1085_p2       |    xor   |      0|  0|    32|          32|          32|
    |ret_V_23_fu_1109_p2       |    xor   |      0|  0|    32|          32|          32|
    |ret_V_27_fu_1230_p2       |    xor   |      0|  0|    32|          32|          32|
    |ret_V_30_fu_1133_p2       |    xor   |      0|  0|    32|          32|          32|
    |ret_V_6_fu_700_p2         |    xor   |      0|  0|    32|          32|          32|
    |ret_V_fu_630_p2           |    xor   |      0|  0|    32|          32|          32|
    |xor_ln1357_11_fu_1224_p2  |    xor   |      0|  0|    32|          32|          32|
    |xor_ln1357_13_fu_1115_p2  |    xor   |      0|  0|    32|          32|          32|
    |xor_ln1357_2_fu_694_p2    |    xor   |      0|  0|    32|          32|          32|
    |xor_ln1357_4_fu_934_p2    |    xor   |      0|  0|    32|          32|          32|
    |xor_ln1357_6_fu_1000_p2   |    xor   |      0|  0|    32|          32|          32|
    |xor_ln1357_8_fu_1079_p2   |    xor   |      0|  0|    32|          32|          32|
    |xor_ln1357_fu_624_p2      |    xor   |      0|  0|    32|          32|          32|
    |xor_ln647_fu_499_p2       |    xor   |      0|  0|    10|          10|           9|
    +--------------------------+----------+-------+---+------+------------+------------+
    |Total                     |          |      0|  0|  4713|        1842|        2847|
    +--------------------------+----------+-------+---+------+------------+------------+

    * Multiplexer: 
    +-------------------+-----+-----------+-----+-----------+
    |        Name       | LUT | Input Size| Bits| Total Bits|
    +-------------------+-----+-----------+-----+-----------+
    |ap_NS_fsm          |  105|         22|    1|         22|
    |ap_return_0        |    9|          2|   32|         64|
    |ap_return_1        |    9|          2|   32|         64|
    |ap_return_2        |    9|          2|   32|         64|
    |ap_return_3        |    9|          2|   32|         64|
    |ap_return_4        |    9|          2|   32|         64|
    |ap_return_5        |    9|          2|   32|         64|
    |ap_return_6        |    9|          2|   32|         64|
    |ap_return_7        |    9|          2|   32|         64|
    |lhs_V_12_reg_371   |    9|          2|   32|         64|
    |lhs_V_reg_350      |    9|          2|   32|         64|
    |p_01554_0_reg_404  |    9|          2|   32|         64|
    |p_01617_0_reg_415  |    9|          2|   32|         64|
    |rhs_V_18_reg_382   |    9|          2|   32|         64|
    |rhs_V_19_reg_361   |    9|          2|   32|         64|
    |rhs_V_20_reg_393   |    9|          2|   32|         64|
    |rhs_V_reg_340      |    9|          2|   32|         64|
    |t_V_1_reg_426      |    9|          2|    7|         14|
    |t_V_reg_328        |    9|          2|    5|         10|
    |w_V_address0       |   27|          5|    6|         30|
    |w_V_d0             |   15|          3|   32|         96|
    |wsig0_V_address0   |   21|          4|    6|         24|
    |wsig0_V_d0         |   15|          3|   32|         96|
    |wsig1_V_address0   |   21|          4|    6|         24|
    |wsig1_V_d0         |   15|          3|   32|         96|
    +-------------------+-----+-----------+-----+-----------+
    |Total              |  381|         80|  639|       1436|
    +-------------------+-----+-----------+-----+-----------+

    * Register: 
    +-------------------------+-----+----+-----+-----------+
    |           Name          |  FF | LUT| Bits| Const Bits|
    +-------------------------+-----+----+-----+-----------+
    |Hi_reg_1312              |    9|   0|    9|          0|
    |Lo_reg_1318              |    4|   0|    9|          5|
    |add_ln209_1_reg_1443     |   32|   0|   32|          0|
    |add_ln209_5_reg_1493     |   32|   0|   32|          0|
    |ap_CS_fsm                |   21|   0|   21|          0|
    |ap_return_0_preg         |   32|   0|   32|          0|
    |ap_return_1_preg         |   32|   0|   32|          0|
    |ap_return_2_preg         |   32|   0|   32|          0|
    |ap_return_3_preg         |   32|   0|   32|          0|
    |ap_return_4_preg         |   32|   0|   32|          0|
    |ap_return_5_preg         |   32|   0|   32|          0|
    |ap_return_6_preg         |   32|   0|   32|          0|
    |ap_return_7_preg         |   32|   0|   32|          0|
    |i_V_1_reg_1367           |    7|   0|    7|          0|
    |i_V_reg_1307             |    5|   0|    5|          0|
    |icmp_ln887_2_reg_1388    |    1|   0|    1|          0|
    |k_V_load_reg_1488        |   32|   0|   32|          0|
    |lhs_V_12_reg_371         |   32|   0|   32|          0|
    |lhs_V_reg_350            |   32|   0|   32|          0|
    |lshr_ln647_reg_1344      |  512|   0|  512|          0|
    |p_01554_0_reg_404        |   32|   0|   32|          0|
    |p_01617_0_reg_415        |   32|   0|   32|          0|
    |ret_V_10_reg_1463        |    6|   0|    6|          0|
    |ret_V_20_reg_1468        |   32|   0|   32|          0|
    |ret_V_23_reg_1473        |   32|   0|   32|          0|
    |ret_V_27_reg_1504        |   32|   0|   32|          0|
    |ret_V_30_reg_1483        |   32|   0|   32|          0|
    |ret_V_6_reg_1359         |   32|   0|   32|          0|
    |ret_V_7_reg_1398         |    6|   0|    6|          0|
    |ret_V_8_reg_1408         |    6|   0|    6|          0|
    |ret_V_9_reg_1403         |    6|   0|    6|          0|
    |ret_V_reg_1354           |   32|   0|   32|          0|
    |rhs_V_18_reg_382         |   32|   0|   32|          0|
    |rhs_V_19_reg_361         |   32|   0|   32|          0|
    |rhs_V_20_reg_393         |   32|   0|   32|          0|
    |rhs_V_reg_340            |   32|   0|   32|          0|
    |select_ln647_1_reg_1324  |  512|   0|  512|          0|
    |select_ln647_2_reg_1329  |   10|   0|   10|          0|
    |sub_ln647_2_reg_1334     |   10|   0|   10|          0|
    |t1_V_reg_1498            |   32|   0|   32|          0|
    |t_V_1_reg_426            |    7|   0|    7|          0|
    |t_V_reg_328              |    5|   0|    5|          0|
    |tmp_wi_16_V_reg_1448     |   32|   0|   32|          0|
    |tmp_wi_V_1_reg_1382      |   32|   0|   32|          0|
    |tmp_wi_V_reg_1349        |   32|   0|   32|          0|
    |trunc_ln215_reg_1392     |    6|   0|    6|          0|
    |w_V_load_reg_1438        |   32|   0|   32|          0|
    |wsig0_V_load_reg_1433    |   32|   0|   32|          0|
    |wsig1_V_load_reg_1423    |   32|   0|   32|          0|
    |zext_ln544_1_reg_1372    |    7|   0|   64|         57|
    +-------------------------+-----+----+-----+-----------+
    |Total                    | 2164|   0| 2226|         62|
    +-------------------------+-----+----+-----+-----------+



================================================================
== Interface
================================================================
* Summary: 
+---------------+-----+-----+------------+---------------+--------------+
|   RTL Ports   | Dir | Bits|  Protocol  | Source Object |    C Type    |
+---------------+-----+-----+------------+---------------+--------------+
|ap_clk         |  in |    1| ap_ctrl_hs | sha256_update | return value |
|ap_rst         |  in |    1| ap_ctrl_hs | sha256_update | return value |
|ap_start       |  in |    1| ap_ctrl_hs | sha256_update | return value |
|ap_done        | out |    1| ap_ctrl_hs | sha256_update | return value |
|ap_idle        | out |    1| ap_ctrl_hs | sha256_update | return value |
|ap_ready       | out |    1| ap_ctrl_hs | sha256_update | return value |
|ap_return_0    | out |   32| ap_ctrl_hs | sha256_update | return value |
|ap_return_1    | out |   32| ap_ctrl_hs | sha256_update | return value |
|ap_return_2    | out |   32| ap_ctrl_hs | sha256_update | return value |
|ap_return_3    | out |   32| ap_ctrl_hs | sha256_update | return value |
|ap_return_4    | out |   32| ap_ctrl_hs | sha256_update | return value |
|ap_return_5    | out |   32| ap_ctrl_hs | sha256_update | return value |
|ap_return_6    | out |   32| ap_ctrl_hs | sha256_update | return value |
|ap_return_7    | out |   32| ap_ctrl_hs | sha256_update | return value |
|data_V         |  in |  512|   ap_none  |     data_V    |    scalar    |
|hash_0_V_read  |  in |   32|   ap_none  | hash_0_V_read |    scalar    |
|hash_1_V_read  |  in |   32|   ap_none  | hash_1_V_read |    scalar    |
|hash_2_V_read  |  in |   32|   ap_none  | hash_2_V_read |    scalar    |
|hash_3_V_read  |  in |   32|   ap_none  | hash_3_V_read |    scalar    |
|hash_4_V_read  |  in |   32|   ap_none  | hash_4_V_read |    scalar    |
|hash_5_V_read  |  in |   32|   ap_none  | hash_5_V_read |    scalar    |
|hash_6_V_read  |  in |   32|   ap_none  | hash_6_V_read |    scalar    |
|hash_7_V_read  |  in |   32|   ap_none  | hash_7_V_read |    scalar    |
+---------------+-----+-----+------------+---------------+--------------+

